[2025-08-14 07:59:01.108] [INFO ] [main] com.springboot.api.ApiApplication Starting ApiApplication using Java 22 with PID 87368 (/Users/jeongjaeyoon/Documents/GitHub/codyssey/spring-study/5장/api/target/classes started by jeongjaeyoon in /Users/jeongjaeyoon/Documents/GitHub/codyssey/spring-study/5장/api)
[2025-08-14 07:59:01.109] [INFO ] [main] com.springboot.api.ApiApplication No active profile set, falling back to 1 default profile: "default"
[2025-08-14 07:59:01.560] [INFO ] [main] org.springframework.boot.web.embedded.tomcat.TomcatWebServer Tomcat initialized with port 8080 (http)
[2025-08-14 07:59:01.567] [INFO ] [main] org.apache.coyote.http11.Http11NioProtocol Initializing ProtocolHandler ["http-nio-8080"]
[2025-08-14 07:59:01.568] [INFO ] [main] org.apache.catalina.core.StandardService Starting service [Tomcat]
[2025-08-14 07:59:01.568] [INFO ] [main] org.apache.catalina.core.StandardEngine Starting Servlet engine: [Apache Tomcat/10.1.43]
[2025-08-14 07:59:01.589] [INFO ] [main] org.apache.catalina.core.ContainerBase.[Tomcat].[localhost].[/] Initializing Spring embedded WebApplicationContext
[2025-08-14 07:59:01.590] [INFO ] [main] org.springframework.boot.web.servlet.context.ServletWebServerApplicationContext Root WebApplicationContext: initialization completed in 461 ms
[2025-08-14 07:59:01.668] [INFO ] [main] org.springframework.validation.beanvalidation.OptionalValidatorFactoryBean Failed to set up a Bean Validation provider: jakarta.validation.NoProviderFoundException: Unable to create a Configuration, because no Jakarta Bean Validation provider could be found. Add a provider like Hibernate Validator (RI) to your classpath.
[2025-08-14 07:59:01.996] [INFO ] [main] org.apache.coyote.http11.Http11NioProtocol Starting ProtocolHandler ["http-nio-8080"]
[2025-08-14 07:59:02.006] [INFO ] [main] org.springframework.boot.web.embedded.tomcat.TomcatWebServer Tomcat started on port 8080 (http) with context path '/'
[2025-08-14 07:59:02.012] [INFO ] [main] com.springboot.api.ApiApplication Started ApiApplication in 1.243 seconds (process running for 1.448)
[2025-08-14 07:59:05.399] [INFO ] [http-nio-8080-exec-1] org.apache.catalina.core.ContainerBase.[Tomcat].[localhost].[/] Initializing Spring DispatcherServlet 'dispatcherServlet'
[2025-08-14 07:59:05.399] [INFO ] [http-nio-8080-exec-1] org.springframework.web.servlet.DispatcherServlet Initializing Servlet 'dispatcherServlet'
[2025-08-14 07:59:05.401] [INFO ] [http-nio-8080-exec-1] org.springframework.web.servlet.DispatcherServlet Completed initialization in 2 ms
[2025-08-14 07:59:06.008] [INFO ] [http-nio-8080-exec-4] org.springdoc.api.AbstractOpenApiResource Init duration for springdoc-openapi is: 135 ms
[2025-08-14 07:59:22.933] [INFO ] [http-nio-8080-exec-5] com.springboot.api.controller.GetController getHello 메서드가 호출되었습니다.
[2025-08-14 08:00:05.065] [INFO ] [SpringApplicationShutdownHook] org.springframework.boot.web.embedded.tomcat.GracefulShutdown Commencing graceful shutdown. Waiting for active requests to complete
[2025-08-14 08:00:05.078] [INFO ] [tomcat-shutdown] org.springframework.boot.web.embedded.tomcat.GracefulShutdown Graceful shutdown complete
[2025-08-14 08:49:33.489] [INFO ] [main] com.springboot.api.ApiApplication Starting ApiApplication using Java 22 with PID 5097 (/Users/jeongjaeyoon/Documents/GitHub/codyssey/spring-study/5장/api/target/classes started by jeongjaeyoon in /Users/jeongjaeyoon/Documents/GitHub/codyssey/spring-study/5장/api)
[2025-08-14 08:49:33.490] [INFO ] [main] com.springboot.api.ApiApplication No active profile set, falling back to 1 default profile: "default"
[2025-08-14 08:49:33.925] [INFO ] [main] org.springframework.boot.web.embedded.tomcat.TomcatWebServer Tomcat initialized with port 8080 (http)
[2025-08-14 08:49:33.931] [INFO ] [main] org.apache.coyote.http11.Http11NioProtocol Initializing ProtocolHandler ["http-nio-8080"]
[2025-08-14 08:49:33.932] [INFO ] [main] org.apache.catalina.core.StandardService Starting service [Tomcat]
[2025-08-14 08:49:33.932] [INFO ] [main] org.apache.catalina.core.StandardEngine Starting Servlet engine: [Apache Tomcat/10.1.43]
[2025-08-14 08:49:33.953] [INFO ] [main] org.apache.catalina.core.ContainerBase.[Tomcat].[localhost].[/] Initializing Spring embedded WebApplicationContext
[2025-08-14 08:49:33.953] [INFO ] [main] org.springframework.boot.web.servlet.context.ServletWebServerApplicationContext Root WebApplicationContext: initialization completed in 447 ms
[2025-08-14 08:49:34.032] [INFO ] [main] org.springframework.validation.beanvalidation.OptionalValidatorFactoryBean Failed to set up a Bean Validation provider: jakarta.validation.NoProviderFoundException: Unable to create a Configuration, because no Jakarta Bean Validation provider could be found. Add a provider like Hibernate Validator (RI) to your classpath.
[2025-08-14 08:49:34.155] [INFO ] [main] org.apache.coyote.http11.Http11NioProtocol Starting ProtocolHandler ["http-nio-8080"]
[2025-08-14 08:49:34.165] [INFO ] [main] org.springframework.boot.web.embedded.tomcat.TomcatWebServer Tomcat started on port 8080 (http) with context path '/'
[2025-08-14 08:49:34.171] [INFO ] [main] com.springboot.api.ApiApplication Started ApiApplication in 1.036 seconds (process running for 1.46)
[2025-08-14 08:50:00.864] [INFO ] [http-nio-8080-exec-1] org.apache.catalina.core.ContainerBase.[Tomcat].[localhost].[/] Initializing Spring DispatcherServlet 'dispatcherServlet'
[2025-08-14 08:50:00.864] [INFO ] [http-nio-8080-exec-1] org.springframework.web.servlet.DispatcherServlet Initializing Servlet 'dispatcherServlet'
[2025-08-14 08:50:00.865] [INFO ] [http-nio-8080-exec-1] org.springframework.web.servlet.DispatcherServlet Completed initialization in 1 ms
[2025-08-14 08:50:00.880] [WARN ] [http-nio-8080-exec-1] org.springframework.web.servlet.mvc.support.DefaultHandlerExceptionResolver Resolved [org.springframework.web.HttpRequestMethodNotSupportedException: Request method 'DELETE' is not supported]
[2025-08-14 08:50:06.493] [INFO ] [http-nio-8080-exec-2] com.springboot.api.controller.GetController getHello 메서드가 호출되었습니다.
[2025-08-14 08:50:29.944] [INFO ] [http-nio-8080-exec-4] org.apache.coyote.http11.Http11Processor Error parsing HTTP request header
 Note: further occurrences of HTTP request parsing errors will be logged at DEBUG level.
java.lang.IllegalArgumentException: Request header is too large
	at org.apache.coyote.http11.Http11InputBuffer.fill(Http11InputBuffer.java:766)
	at org.apache.coyote.http11.Http11InputBuffer.parseRequestLine(Http11InputBuffer.java:438)
	at org.apache.coyote.http11.Http11Processor.service(Http11Processor.java:271)
	at org.apache.coyote.AbstractProcessorLight.process(AbstractProcessorLight.java:63)
	at org.apache.coyote.AbstractProtocol$ConnectionHandler.process(AbstractProtocol.java:903)
	at org.apache.tomcat.util.net.NioEndpoint$SocketProcessor.doRun(NioEndpoint.java:1769)
	at org.apache.tomcat.util.net.SocketProcessorBase.run(SocketProcessorBase.java:52)
	at org.apache.tomcat.util.threads.ThreadPoolExecutor.runWorker(ThreadPoolExecutor.java:1189)
	at org.apache.tomcat.util.threads.ThreadPoolExecutor$Worker.run(ThreadPoolExecutor.java:658)
	at org.apache.tomcat.util.threads.TaskThread$WrappingRunnable.run(TaskThread.java:63)
	at java.base/java.lang.Thread.run(Thread.java:1570)
[2025-08-14 08:50:56.136] [INFO ] [http-nio-8080-exec-6] com.springboot.api.controller.GetController getHello 메서드가 호출되었습니다.
[2025-08-14 08:52:14.713] [INFO ] [SpringApplicationShutdownHook] org.springframework.boot.web.embedded.tomcat.GracefulShutdown Commencing graceful shutdown. Waiting for active requests to complete
[2025-08-14 08:52:14.730] [INFO ] [tomcat-shutdown] org.springframework.boot.web.embedded.tomcat.GracefulShutdown Graceful shutdown complete
