[2024-11-10 16:14:29.475] [INFO ] [main] com.springboot.relationship.data.repository.CategoryRepositoryTest Starting CategoryRepositoryTest using Java 17.0.9 with PID 27852 (started by jungw in D:\project\Spring Boot\springboot-main\chapter9_relationship)
[2024-11-10 16:14:29.480] [INFO ] [main] com.springboot.relationship.data.repository.CategoryRepositoryTest No active profile set, falling back to 1 default profile: "default"
[2024-11-10 16:14:29.986] [INFO ] [main] org.springframework.data.repository.config.RepositoryConfigurationDelegate Bootstrapping Spring Data JPA repositories in DEFAULT mode.
[2024-11-10 16:14:30.050] [INFO ] [main] org.springframework.data.repository.config.RepositoryConfigurationDelegate Finished Spring Data repository scanning in 58 ms. Found 7 JPA repository interfaces.
[2024-11-10 16:14:30.461] [INFO ] [main] org.hibernate.jpa.internal.util.LogHelper HHH000204: Processing PersistenceUnitInfo [name: default]
[2024-11-10 16:14:30.509] [INFO ] [main] org.hibernate.Version HHH000412: Hibernate ORM core version 6.5.3.Final
[2024-11-10 16:14:30.537] [INFO ] [main] org.hibernate.cache.internal.RegionFactoryInitiator HHH000026: Second-level cache disabled
[2024-11-10 16:14:30.811] [INFO ] [main] org.springframework.orm.jpa.persistenceunit.SpringPersistenceUnitInfo No LoadTimeWeaver setup: ignoring JPA class transformer
[2024-11-10 16:14:30.836] [INFO ] [main] com.zaxxer.hikari.HikariDataSource HikariPool-1 - Starting...
[2024-11-10 16:14:30.875] [INFO ] [main] com.zaxxer.hikari.pool.HikariPool HikariPool-1 - Added connection org.mariadb.jdbc.MariaDbConnection@26f75d9c
[2024-11-10 16:14:30.876] [INFO ] [main] com.zaxxer.hikari.HikariDataSource HikariPool-1 - Start completed.
[2024-11-10 16:14:31.427] [INFO ] [main] org.hibernate.engine.transaction.jta.platform.internal.JtaPlatformInitiator HHH000489: No JTA platform available (set 'hibernate.transaction.jta.platform' to enable JTA platform integration)
[2024-11-10 16:14:31.866] [INFO ] [main] org.springframework.orm.jpa.LocalContainerEntityManagerFactoryBean Initialized JPA EntityManagerFactory for persistence unit 'default'
[2024-11-10 16:14:32.300] [INFO ] [main] org.springframework.data.jpa.repository.query.QueryEnhancerFactory Hibernate is in classpath; If applicable, HQL parser will be used.
[2024-11-10 16:14:33.153] [WARN ] [main] org.springframework.boot.autoconfigure.orm.jpa.JpaBaseConfiguration$JpaWebConfiguration spring.jpa.open-in-view is enabled by default. Therefore, database queries may be performed during view rendering. Explicitly configure spring.jpa.open-in-view to disable this warning
[2024-11-10 16:14:34.475] [INFO ] [main] com.springboot.relationship.data.repository.CategoryRepositoryTest Started CategoryRepositoryTest in 5.218 seconds (process running for 5.873)
[2024-11-10 16:14:34.923] [INFO ] [SpringApplicationShutdownHook] org.springframework.orm.jpa.LocalContainerEntityManagerFactoryBean Closing JPA EntityManagerFactory for persistence unit 'default'
[2024-11-10 16:14:34.924] [INFO ] [SpringApplicationShutdownHook] com.zaxxer.hikari.HikariDataSource HikariPool-1 - Shutdown initiated...
[2024-11-10 16:14:34.934] [INFO ] [SpringApplicationShutdownHook] com.zaxxer.hikari.HikariDataSource HikariPool-1 - Shutdown completed.
[2024-11-10 16:14:39.098] [INFO ] [main] com.springboot.relationship.data.repository.ProducerRepositoryTest Starting ProducerRepositoryTest using Java 17.0.9 with PID 20368 (started by jungw in D:\project\Spring Boot\springboot-main\chapter9_relationship)
[2024-11-10 16:14:39.099] [INFO ] [main] com.springboot.relationship.data.repository.ProducerRepositoryTest No active profile set, falling back to 1 default profile: "default"
[2024-11-10 16:14:39.654] [INFO ] [main] org.springframework.data.repository.config.RepositoryConfigurationDelegate Bootstrapping Spring Data JPA repositories in DEFAULT mode.
[2024-11-10 16:14:39.713] [INFO ] [main] org.springframework.data.repository.config.RepositoryConfigurationDelegate Finished Spring Data repository scanning in 53 ms. Found 7 JPA repository interfaces.
[2024-11-10 16:14:40.185] [INFO ] [main] org.hibernate.jpa.internal.util.LogHelper HHH000204: Processing PersistenceUnitInfo [name: default]
[2024-11-10 16:14:40.252] [INFO ] [main] org.hibernate.Version HHH000412: Hibernate ORM core version 6.5.3.Final
[2024-11-10 16:14:40.278] [INFO ] [main] org.hibernate.cache.internal.RegionFactoryInitiator HHH000026: Second-level cache disabled
[2024-11-10 16:14:40.594] [INFO ] [main] org.springframework.orm.jpa.persistenceunit.SpringPersistenceUnitInfo No LoadTimeWeaver setup: ignoring JPA class transformer
[2024-11-10 16:14:40.641] [INFO ] [main] com.zaxxer.hikari.HikariDataSource HikariPool-1 - Starting...
[2024-11-10 16:14:40.678] [INFO ] [main] com.zaxxer.hikari.pool.HikariPool HikariPool-1 - Added connection org.mariadb.jdbc.MariaDbConnection@126a9a3d
[2024-11-10 16:14:40.679] [INFO ] [main] com.zaxxer.hikari.HikariDataSource HikariPool-1 - Start completed.
[2024-11-10 16:14:41.210] [INFO ] [main] org.hibernate.engine.transaction.jta.platform.internal.JtaPlatformInitiator HHH000489: No JTA platform available (set 'hibernate.transaction.jta.platform' to enable JTA platform integration)
[2024-11-10 16:14:41.650] [INFO ] [main] org.springframework.orm.jpa.LocalContainerEntityManagerFactoryBean Initialized JPA EntityManagerFactory for persistence unit 'default'
[2024-11-10 16:14:42.130] [INFO ] [main] org.springframework.data.jpa.repository.query.QueryEnhancerFactory Hibernate is in classpath; If applicable, HQL parser will be used.
[2024-11-10 16:14:42.950] [WARN ] [main] org.springframework.boot.autoconfigure.orm.jpa.JpaBaseConfiguration$JpaWebConfiguration spring.jpa.open-in-view is enabled by default. Therefore, database queries may be performed during view rendering. Explicitly configure spring.jpa.open-in-view to disable this warning
[2024-11-10 16:14:44.268] [INFO ] [main] com.springboot.relationship.data.repository.ProducerRepositoryTest Started ProducerRepositoryTest in 5.419 seconds (process running for 6.075)
[2024-11-10 16:14:44.762] [INFO ] [SpringApplicationShutdownHook] org.springframework.orm.jpa.LocalContainerEntityManagerFactoryBean Closing JPA EntityManagerFactory for persistence unit 'default'
[2024-11-10 16:14:44.763] [INFO ] [SpringApplicationShutdownHook] com.zaxxer.hikari.HikariDataSource HikariPool-1 - Shutdown initiated...
[2024-11-10 16:14:44.773] [INFO ] [SpringApplicationShutdownHook] com.zaxxer.hikari.HikariDataSource HikariPool-1 - Shutdown completed.
[2024-11-10 16:15:07.296] [INFO ] [main] com.springboot.relationship.data.repository.ProductRepositoryTest Starting ProductRepositoryTest using Java 17.0.9 with PID 5772 (started by jungw in D:\project\Spring Boot\springboot-main\chapter9_relationship)
[2024-11-10 16:15:07.297] [INFO ] [main] com.springboot.relationship.data.repository.ProductRepositoryTest No active profile set, falling back to 1 default profile: "default"
[2024-11-10 16:15:07.807] [INFO ] [main] org.springframework.data.repository.config.RepositoryConfigurationDelegate Bootstrapping Spring Data JPA repositories in DEFAULT mode.
[2024-11-10 16:15:07.864] [INFO ] [main] org.springframework.data.repository.config.RepositoryConfigurationDelegate Finished Spring Data repository scanning in 50 ms. Found 7 JPA repository interfaces.
[2024-11-10 16:15:08.340] [INFO ] [main] org.hibernate.jpa.internal.util.LogHelper HHH000204: Processing PersistenceUnitInfo [name: default]
[2024-11-10 16:15:08.408] [INFO ] [main] org.hibernate.Version HHH000412: Hibernate ORM core version 6.5.3.Final
[2024-11-10 16:15:08.437] [INFO ] [main] org.hibernate.cache.internal.RegionFactoryInitiator HHH000026: Second-level cache disabled
[2024-11-10 16:15:08.745] [INFO ] [main] org.springframework.orm.jpa.persistenceunit.SpringPersistenceUnitInfo No LoadTimeWeaver setup: ignoring JPA class transformer
[2024-11-10 16:15:08.774] [INFO ] [main] com.zaxxer.hikari.HikariDataSource HikariPool-1 - Starting...
[2024-11-10 16:15:08.810] [INFO ] [main] com.zaxxer.hikari.pool.HikariPool HikariPool-1 - Added connection org.mariadb.jdbc.MariaDbConnection@7717b4a0
[2024-11-10 16:15:08.811] [INFO ] [main] com.zaxxer.hikari.HikariDataSource HikariPool-1 - Start completed.
[2024-11-10 16:15:09.361] [INFO ] [main] org.hibernate.engine.transaction.jta.platform.internal.JtaPlatformInitiator HHH000489: No JTA platform available (set 'hibernate.transaction.jta.platform' to enable JTA platform integration)
[2024-11-10 16:15:09.796] [INFO ] [main] org.springframework.orm.jpa.LocalContainerEntityManagerFactoryBean Initialized JPA EntityManagerFactory for persistence unit 'default'
[2024-11-10 16:15:10.394] [INFO ] [main] org.springframework.data.jpa.repository.query.QueryEnhancerFactory Hibernate is in classpath; If applicable, HQL parser will be used.
[2024-11-10 16:15:11.220] [WARN ] [main] org.springframework.boot.autoconfigure.orm.jpa.JpaBaseConfiguration$JpaWebConfiguration spring.jpa.open-in-view is enabled by default. Therefore, database queries may be performed during view rendering. Explicitly configure spring.jpa.open-in-view to disable this warning
[2024-11-10 16:15:12.445] [INFO ] [main] com.springboot.relationship.data.repository.ProductRepositoryTest Started ProductRepositoryTest in 5.358 seconds (process running for 5.977)
[2024-11-10 16:15:12.925] [INFO ] [SpringApplicationShutdownHook] org.springframework.orm.jpa.LocalContainerEntityManagerFactoryBean Closing JPA EntityManagerFactory for persistence unit 'default'
[2024-11-10 16:15:12.928] [INFO ] [SpringApplicationShutdownHook] com.zaxxer.hikari.HikariDataSource HikariPool-1 - Shutdown initiated...
[2024-11-10 16:15:12.938] [INFO ] [SpringApplicationShutdownHook] com.zaxxer.hikari.HikariDataSource HikariPool-1 - Shutdown completed.
[2024-11-10 16:15:16.796] [INFO ] [main] com.springboot.relationship.data.repository.ProviderRepositoryTest Starting ProviderRepositoryTest using Java 17.0.9 with PID 30444 (started by jungw in D:\project\Spring Boot\springboot-main\chapter9_relationship)
[2024-11-10 16:15:16.797] [INFO ] [main] com.springboot.relationship.data.repository.ProviderRepositoryTest No active profile set, falling back to 1 default profile: "default"
[2024-11-10 16:15:17.355] [INFO ] [main] org.springframework.data.repository.config.RepositoryConfigurationDelegate Bootstrapping Spring Data JPA repositories in DEFAULT mode.
[2024-11-10 16:15:17.416] [INFO ] [main] org.springframework.data.repository.config.RepositoryConfigurationDelegate Finished Spring Data repository scanning in 55 ms. Found 7 JPA repository interfaces.
[2024-11-10 16:15:17.881] [INFO ] [main] org.hibernate.jpa.internal.util.LogHelper HHH000204: Processing PersistenceUnitInfo [name: default]
[2024-11-10 16:15:17.975] [INFO ] [main] org.hibernate.Version HHH000412: Hibernate ORM core version 6.5.3.Final
[2024-11-10 16:15:18.008] [INFO ] [main] org.hibernate.cache.internal.RegionFactoryInitiator HHH000026: Second-level cache disabled
[2024-11-10 16:15:18.338] [INFO ] [main] org.springframework.orm.jpa.persistenceunit.SpringPersistenceUnitInfo No LoadTimeWeaver setup: ignoring JPA class transformer
[2024-11-10 16:15:18.403] [INFO ] [main] com.zaxxer.hikari.HikariDataSource HikariPool-1 - Starting...
[2024-11-10 16:15:18.443] [INFO ] [main] com.zaxxer.hikari.pool.HikariPool HikariPool-1 - Added connection org.mariadb.jdbc.MariaDbConnection@70543cae
[2024-11-10 16:15:18.444] [INFO ] [main] com.zaxxer.hikari.HikariDataSource HikariPool-1 - Start completed.
[2024-11-10 16:15:18.999] [INFO ] [main] org.hibernate.engine.transaction.jta.platform.internal.JtaPlatformInitiator HHH000489: No JTA platform available (set 'hibernate.transaction.jta.platform' to enable JTA platform integration)
[2024-11-10 16:15:19.488] [INFO ] [main] org.springframework.orm.jpa.LocalContainerEntityManagerFactoryBean Initialized JPA EntityManagerFactory for persistence unit 'default'
[2024-11-10 16:15:19.982] [INFO ] [main] org.springframework.data.jpa.repository.query.QueryEnhancerFactory Hibernate is in classpath; If applicable, HQL parser will be used.
[2024-11-10 16:15:20.720] [WARN ] [main] org.springframework.boot.autoconfigure.orm.jpa.JpaBaseConfiguration$JpaWebConfiguration spring.jpa.open-in-view is enabled by default. Therefore, database queries may be performed during view rendering. Explicitly configure spring.jpa.open-in-view to disable this warning
[2024-11-10 16:15:21.900] [INFO ] [main] com.springboot.relationship.data.repository.ProviderRepositoryTest Started ProviderRepositoryTest in 5.326 seconds (process running for 5.972)
[2024-11-10 16:15:22.467] [INFO ] [SpringApplicationShutdownHook] org.springframework.orm.jpa.LocalContainerEntityManagerFactoryBean Closing JPA EntityManagerFactory for persistence unit 'default'
[2024-11-10 16:15:22.469] [INFO ] [SpringApplicationShutdownHook] com.zaxxer.hikari.HikariDataSource HikariPool-1 - Shutdown initiated...
[2024-11-10 16:15:22.477] [INFO ] [SpringApplicationShutdownHook] com.zaxxer.hikari.HikariDataSource HikariPool-1 - Shutdown completed.
[2024-11-10 16:17:11.893] [INFO ] [main] com.springboot.relationship.data.repository.ProviderRepositoryTest Starting ProviderRepositoryTest using Java 17.0.9 with PID 35324 (started by jungw in D:\project\Spring Boot\springboot-main\chapter9_relationship)
[2024-11-10 16:17:11.894] [INFO ] [main] com.springboot.relationship.data.repository.ProviderRepositoryTest No active profile set, falling back to 1 default profile: "default"
[2024-11-10 16:17:12.409] [INFO ] [main] org.springframework.data.repository.config.RepositoryConfigurationDelegate Bootstrapping Spring Data JPA repositories in DEFAULT mode.
[2024-11-10 16:17:12.469] [INFO ] [main] org.springframework.data.repository.config.RepositoryConfigurationDelegate Finished Spring Data repository scanning in 54 ms. Found 7 JPA repository interfaces.
[2024-11-10 16:17:12.915] [INFO ] [main] org.hibernate.jpa.internal.util.LogHelper HHH000204: Processing PersistenceUnitInfo [name: default]
[2024-11-10 16:17:12.984] [INFO ] [main] org.hibernate.Version HHH000412: Hibernate ORM core version 6.5.3.Final
[2024-11-10 16:17:13.018] [INFO ] [main] org.hibernate.cache.internal.RegionFactoryInitiator HHH000026: Second-level cache disabled
[2024-11-10 16:17:13.300] [INFO ] [main] org.springframework.orm.jpa.persistenceunit.SpringPersistenceUnitInfo No LoadTimeWeaver setup: ignoring JPA class transformer
[2024-11-10 16:17:13.328] [INFO ] [main] com.zaxxer.hikari.HikariDataSource HikariPool-1 - Starting...
[2024-11-10 16:17:13.374] [INFO ] [main] com.zaxxer.hikari.pool.HikariPool HikariPool-1 - Added connection org.mariadb.jdbc.MariaDbConnection@ff4b223
[2024-11-10 16:17:13.375] [INFO ] [main] com.zaxxer.hikari.HikariDataSource HikariPool-1 - Start completed.
[2024-11-10 16:17:13.943] [INFO ] [main] org.hibernate.engine.transaction.jta.platform.internal.JtaPlatformInitiator HHH000489: No JTA platform available (set 'hibernate.transaction.jta.platform' to enable JTA platform integration)
[2024-11-10 16:17:14.385] [INFO ] [main] org.springframework.orm.jpa.LocalContainerEntityManagerFactoryBean Initialized JPA EntityManagerFactory for persistence unit 'default'
[2024-11-10 16:17:14.920] [INFO ] [main] org.springframework.data.jpa.repository.query.QueryEnhancerFactory Hibernate is in classpath; If applicable, HQL parser will be used.
[2024-11-10 16:17:15.845] [WARN ] [main] org.springframework.boot.autoconfigure.orm.jpa.JpaBaseConfiguration$JpaWebConfiguration spring.jpa.open-in-view is enabled by default. Therefore, database queries may be performed during view rendering. Explicitly configure spring.jpa.open-in-view to disable this warning
[2024-11-10 16:17:17.090] [INFO ] [main] com.springboot.relationship.data.repository.ProviderRepositoryTest Started ProviderRepositoryTest in 5.417 seconds (process running for 6.069)
[2024-11-10 16:17:17.559] [INFO ] [SpringApplicationShutdownHook] org.springframework.orm.jpa.LocalContainerEntityManagerFactoryBean Closing JPA EntityManagerFactory for persistence unit 'default'
[2024-11-10 16:17:17.562] [INFO ] [SpringApplicationShutdownHook] com.zaxxer.hikari.HikariDataSource HikariPool-1 - Shutdown initiated...
[2024-11-10 16:17:17.572] [INFO ] [SpringApplicationShutdownHook] com.zaxxer.hikari.HikariDataSource HikariPool-1 - Shutdown completed.
[2024-11-10 16:19:25.063] [INFO ] [main] com.springboot.relationship.data.repository.ProviderRepositoryTest Starting ProviderRepositoryTest using Java 17.0.9 with PID 32848 (started by jungw in D:\project\Spring Boot\springboot-main\chapter9_relationship)
[2024-11-10 16:19:25.064] [INFO ] [main] com.springboot.relationship.data.repository.ProviderRepositoryTest No active profile set, falling back to 1 default profile: "default"
[2024-11-10 16:19:25.596] [INFO ] [main] org.springframework.data.repository.config.RepositoryConfigurationDelegate Bootstrapping Spring Data JPA repositories in DEFAULT mode.
[2024-11-10 16:19:25.651] [INFO ] [main] org.springframework.data.repository.config.RepositoryConfigurationDelegate Finished Spring Data repository scanning in 50 ms. Found 7 JPA repository interfaces.
[2024-11-10 16:19:26.166] [INFO ] [main] org.hibernate.jpa.internal.util.LogHelper HHH000204: Processing PersistenceUnitInfo [name: default]
[2024-11-10 16:19:26.249] [INFO ] [main] org.hibernate.Version HHH000412: Hibernate ORM core version 6.5.3.Final
[2024-11-10 16:19:26.279] [INFO ] [main] org.hibernate.cache.internal.RegionFactoryInitiator HHH000026: Second-level cache disabled
[2024-11-10 16:19:26.584] [INFO ] [main] org.springframework.orm.jpa.persistenceunit.SpringPersistenceUnitInfo No LoadTimeWeaver setup: ignoring JPA class transformer
[2024-11-10 16:19:26.615] [INFO ] [main] com.zaxxer.hikari.HikariDataSource HikariPool-1 - Starting...
[2024-11-10 16:19:26.653] [INFO ] [main] com.zaxxer.hikari.pool.HikariPool HikariPool-1 - Added connection org.mariadb.jdbc.MariaDbConnection@1008df1e
[2024-11-10 16:19:26.653] [INFO ] [main] com.zaxxer.hikari.HikariDataSource HikariPool-1 - Start completed.
[2024-11-10 16:19:27.191] [INFO ] [main] org.hibernate.engine.transaction.jta.platform.internal.JtaPlatformInitiator HHH000489: No JTA platform available (set 'hibernate.transaction.jta.platform' to enable JTA platform integration)
[2024-11-10 16:19:27.604] [INFO ] [main] org.springframework.orm.jpa.LocalContainerEntityManagerFactoryBean Initialized JPA EntityManagerFactory for persistence unit 'default'
[2024-11-10 16:19:28.117] [INFO ] [main] org.springframework.data.jpa.repository.query.QueryEnhancerFactory Hibernate is in classpath; If applicable, HQL parser will be used.
[2024-11-10 16:19:28.965] [WARN ] [main] org.springframework.boot.autoconfigure.orm.jpa.JpaBaseConfiguration$JpaWebConfiguration spring.jpa.open-in-view is enabled by default. Therefore, database queries may be performed during view rendering. Explicitly configure spring.jpa.open-in-view to disable this warning
[2024-11-10 16:19:30.152] [INFO ] [main] com.springboot.relationship.data.repository.ProviderRepositoryTest Started ProviderRepositoryTest in 5.3 seconds (process running for 5.991)
[2024-11-10 16:19:30.550] [INFO ] [SpringApplicationShutdownHook] org.springframework.orm.jpa.LocalContainerEntityManagerFactoryBean Closing JPA EntityManagerFactory for persistence unit 'default'
[2024-11-10 16:19:30.552] [INFO ] [SpringApplicationShutdownHook] com.zaxxer.hikari.HikariDataSource HikariPool-1 - Shutdown initiated...
[2024-11-10 16:19:30.561] [INFO ] [SpringApplicationShutdownHook] com.zaxxer.hikari.HikariDataSource HikariPool-1 - Shutdown completed.
[2024-11-10 16:21:25.346] [INFO ] [main] com.springboot.relationship.data.repository.ProviderRepositoryTest Starting ProviderRepositoryTest using Java 17.0.9 with PID 28756 (started by jungw in D:\project\Spring Boot\springboot-main\chapter9_relationship)
[2024-11-10 16:21:25.346] [INFO ] [main] com.springboot.relationship.data.repository.ProviderRepositoryTest No active profile set, falling back to 1 default profile: "default"
[2024-11-10 16:21:25.843] [INFO ] [main] org.springframework.data.repository.config.RepositoryConfigurationDelegate Bootstrapping Spring Data JPA repositories in DEFAULT mode.
[2024-11-10 16:21:25.901] [INFO ] [main] org.springframework.data.repository.config.RepositoryConfigurationDelegate Finished Spring Data repository scanning in 53 ms. Found 7 JPA repository interfaces.
[2024-11-10 16:21:26.399] [INFO ] [main] org.hibernate.jpa.internal.util.LogHelper HHH000204: Processing PersistenceUnitInfo [name: default]
[2024-11-10 16:21:26.494] [INFO ] [main] org.hibernate.Version HHH000412: Hibernate ORM core version 6.5.3.Final
[2024-11-10 16:21:26.518] [INFO ] [main] org.hibernate.cache.internal.RegionFactoryInitiator HHH000026: Second-level cache disabled
[2024-11-10 16:21:26.802] [INFO ] [main] org.springframework.orm.jpa.persistenceunit.SpringPersistenceUnitInfo No LoadTimeWeaver setup: ignoring JPA class transformer
[2024-11-10 16:21:26.843] [INFO ] [main] com.zaxxer.hikari.HikariDataSource HikariPool-1 - Starting...
[2024-11-10 16:21:26.878] [INFO ] [main] com.zaxxer.hikari.pool.HikariPool HikariPool-1 - Added connection org.mariadb.jdbc.MariaDbConnection@627bcd7e
[2024-11-10 16:21:26.879] [INFO ] [main] com.zaxxer.hikari.HikariDataSource HikariPool-1 - Start completed.
[2024-11-10 16:21:27.444] [INFO ] [main] org.hibernate.engine.transaction.jta.platform.internal.JtaPlatformInitiator HHH000489: No JTA platform available (set 'hibernate.transaction.jta.platform' to enable JTA platform integration)
[2024-11-10 16:21:27.925] [INFO ] [main] org.springframework.orm.jpa.LocalContainerEntityManagerFactoryBean Initialized JPA EntityManagerFactory for persistence unit 'default'
[2024-11-10 16:21:28.375] [INFO ] [main] org.springframework.data.jpa.repository.query.QueryEnhancerFactory Hibernate is in classpath; If applicable, HQL parser will be used.
[2024-11-10 16:21:29.209] [WARN ] [main] org.springframework.boot.autoconfigure.orm.jpa.JpaBaseConfiguration$JpaWebConfiguration spring.jpa.open-in-view is enabled by default. Therefore, database queries may be performed during view rendering. Explicitly configure spring.jpa.open-in-view to disable this warning
[2024-11-10 16:21:30.391] [INFO ] [main] com.springboot.relationship.data.repository.ProviderRepositoryTest Started ProviderRepositoryTest in 5.25 seconds (process running for 5.89)
[2024-11-10 16:21:30.818] [INFO ] [SpringApplicationShutdownHook] org.springframework.orm.jpa.LocalContainerEntityManagerFactoryBean Closing JPA EntityManagerFactory for persistence unit 'default'
[2024-11-10 16:21:30.820] [INFO ] [SpringApplicationShutdownHook] com.zaxxer.hikari.HikariDataSource HikariPool-1 - Shutdown initiated...
[2024-11-10 16:21:30.830] [INFO ] [SpringApplicationShutdownHook] com.zaxxer.hikari.HikariDataSource HikariPool-1 - Shutdown completed.
[2024-11-10 16:25:57.784] [INFO ] [main] com.springboot.relationship.data.repository.ProviderRepositoryTest Starting ProviderRepositoryTest using Java 17.0.9 with PID 21160 (started by jungw in D:\project\Spring Boot\springboot-main\chapter9_relationship)
[2024-11-10 16:25:57.786] [INFO ] [main] com.springboot.relationship.data.repository.ProviderRepositoryTest No active profile set, falling back to 1 default profile: "default"
[2024-11-10 16:25:58.282] [INFO ] [main] org.springframework.data.repository.config.RepositoryConfigurationDelegate Bootstrapping Spring Data JPA repositories in DEFAULT mode.
[2024-11-10 16:25:58.339] [INFO ] [main] org.springframework.data.repository.config.RepositoryConfigurationDelegate Finished Spring Data repository scanning in 51 ms. Found 7 JPA repository interfaces.
[2024-11-10 16:25:58.735] [INFO ] [main] org.hibernate.jpa.internal.util.LogHelper HHH000204: Processing PersistenceUnitInfo [name: default]
[2024-11-10 16:25:58.794] [INFO ] [main] org.hibernate.Version HHH000412: Hibernate ORM core version 6.5.3.Final
[2024-11-10 16:25:58.817] [INFO ] [main] org.hibernate.cache.internal.RegionFactoryInitiator HHH000026: Second-level cache disabled
[2024-11-10 16:25:59.101] [INFO ] [main] org.springframework.orm.jpa.persistenceunit.SpringPersistenceUnitInfo No LoadTimeWeaver setup: ignoring JPA class transformer
[2024-11-10 16:25:59.133] [INFO ] [main] com.zaxxer.hikari.HikariDataSource HikariPool-1 - Starting...
[2024-11-10 16:25:59.176] [INFO ] [main] com.zaxxer.hikari.pool.HikariPool HikariPool-1 - Added connection org.mariadb.jdbc.MariaDbConnection@52f43225
[2024-11-10 16:25:59.178] [INFO ] [main] com.zaxxer.hikari.HikariDataSource HikariPool-1 - Start completed.
[2024-11-10 16:25:59.743] [INFO ] [main] org.hibernate.engine.transaction.jta.platform.internal.JtaPlatformInitiator HHH000489: No JTA platform available (set 'hibernate.transaction.jta.platform' to enable JTA platform integration)
[2024-11-10 16:26:00.151] [INFO ] [main] org.springframework.orm.jpa.LocalContainerEntityManagerFactoryBean Initialized JPA EntityManagerFactory for persistence unit 'default'
[2024-11-10 16:26:00.583] [INFO ] [main] org.springframework.data.jpa.repository.query.QueryEnhancerFactory Hibernate is in classpath; If applicable, HQL parser will be used.
[2024-11-10 16:26:01.436] [WARN ] [main] org.springframework.boot.autoconfigure.orm.jpa.JpaBaseConfiguration$JpaWebConfiguration spring.jpa.open-in-view is enabled by default. Therefore, database queries may be performed during view rendering. Explicitly configure spring.jpa.open-in-view to disable this warning
[2024-11-10 16:26:02.666] [INFO ] [main] com.springboot.relationship.data.repository.ProviderRepositoryTest Started ProviderRepositoryTest in 5.077 seconds (process running for 5.698)
[2024-11-10 16:26:03.111] [INFO ] [SpringApplicationShutdownHook] org.springframework.orm.jpa.LocalContainerEntityManagerFactoryBean Closing JPA EntityManagerFactory for persistence unit 'default'
[2024-11-10 16:26:03.114] [INFO ] [SpringApplicationShutdownHook] com.zaxxer.hikari.HikariDataSource HikariPool-1 - Shutdown initiated...
[2024-11-10 16:26:03.122] [INFO ] [SpringApplicationShutdownHook] com.zaxxer.hikari.HikariDataSource HikariPool-1 - Shutdown completed.
[2024-11-10 16:27:11.164] [INFO ] [main] com.springboot.relationship.data.repository.ProviderRepositoryTest Starting ProviderRepositoryTest using Java 17.0.9 with PID 9732 (started by jungw in D:\project\Spring Boot\springboot-main\chapter9_relationship)
[2024-11-10 16:27:11.166] [INFO ] [main] com.springboot.relationship.data.repository.ProviderRepositoryTest No active profile set, falling back to 1 default profile: "default"
[2024-11-10 16:27:11.704] [INFO ] [main] org.springframework.data.repository.config.RepositoryConfigurationDelegate Bootstrapping Spring Data JPA repositories in DEFAULT mode.
[2024-11-10 16:27:11.759] [INFO ] [main] org.springframework.data.repository.config.RepositoryConfigurationDelegate Finished Spring Data repository scanning in 48 ms. Found 7 JPA repository interfaces.
[2024-11-10 16:27:12.260] [INFO ] [main] org.hibernate.jpa.internal.util.LogHelper HHH000204: Processing PersistenceUnitInfo [name: default]
[2024-11-10 16:27:12.306] [INFO ] [main] org.hibernate.Version HHH000412: Hibernate ORM core version 6.5.3.Final
[2024-11-10 16:27:12.330] [INFO ] [main] org.hibernate.cache.internal.RegionFactoryInitiator HHH000026: Second-level cache disabled
[2024-11-10 16:27:12.628] [INFO ] [main] org.springframework.orm.jpa.persistenceunit.SpringPersistenceUnitInfo No LoadTimeWeaver setup: ignoring JPA class transformer
[2024-11-10 16:27:12.658] [INFO ] [main] com.zaxxer.hikari.HikariDataSource HikariPool-1 - Starting...
[2024-11-10 16:27:12.692] [INFO ] [main] com.zaxxer.hikari.pool.HikariPool HikariPool-1 - Added connection org.mariadb.jdbc.MariaDbConnection@34b2d51a
[2024-11-10 16:27:12.693] [INFO ] [main] com.zaxxer.hikari.HikariDataSource HikariPool-1 - Start completed.
[2024-11-10 16:27:13.253] [INFO ] [main] org.hibernate.engine.transaction.jta.platform.internal.JtaPlatformInitiator HHH000489: No JTA platform available (set 'hibernate.transaction.jta.platform' to enable JTA platform integration)
[2024-11-10 16:27:13.697] [INFO ] [main] org.springframework.orm.jpa.LocalContainerEntityManagerFactoryBean Initialized JPA EntityManagerFactory for persistence unit 'default'
[2024-11-10 16:27:14.080] [INFO ] [main] org.springframework.data.jpa.repository.query.QueryEnhancerFactory Hibernate is in classpath; If applicable, HQL parser will be used.
[2024-11-10 16:27:14.855] [WARN ] [main] org.springframework.boot.autoconfigure.orm.jpa.JpaBaseConfiguration$JpaWebConfiguration spring.jpa.open-in-view is enabled by default. Therefore, database queries may be performed during view rendering. Explicitly configure spring.jpa.open-in-view to disable this warning
[2024-11-10 16:27:16.120] [INFO ] [main] com.springboot.relationship.data.repository.ProviderRepositoryTest Started ProviderRepositoryTest in 5.164 seconds (process running for 5.823)
[2024-11-10 16:27:16.549] [INFO ] [SpringApplicationShutdownHook] org.springframework.orm.jpa.LocalContainerEntityManagerFactoryBean Closing JPA EntityManagerFactory for persistence unit 'default'
[2024-11-10 16:27:16.550] [INFO ] [SpringApplicationShutdownHook] com.zaxxer.hikari.HikariDataSource HikariPool-1 - Shutdown initiated...
[2024-11-10 16:27:16.559] [INFO ] [SpringApplicationShutdownHook] com.zaxxer.hikari.HikariDataSource HikariPool-1 - Shutdown completed.
[2024-11-10 16:28:01.138] [INFO ] [main] com.springboot.relationship.data.repository.ProviderRepositoryTest Starting ProviderRepositoryTest using Java 17.0.9 with PID 30432 (started by jungw in D:\project\Spring Boot\springboot-main\chapter9_relationship)
[2024-11-10 16:28:01.139] [INFO ] [main] com.springboot.relationship.data.repository.ProviderRepositoryTest No active profile set, falling back to 1 default profile: "default"
[2024-11-10 16:28:01.666] [INFO ] [main] org.springframework.data.repository.config.RepositoryConfigurationDelegate Bootstrapping Spring Data JPA repositories in DEFAULT mode.
[2024-11-10 16:28:01.724] [INFO ] [main] org.springframework.data.repository.config.RepositoryConfigurationDelegate Finished Spring Data repository scanning in 52 ms. Found 7 JPA repository interfaces.
[2024-11-10 16:28:02.183] [INFO ] [main] org.hibernate.jpa.internal.util.LogHelper HHH000204: Processing PersistenceUnitInfo [name: default]
[2024-11-10 16:28:02.239] [INFO ] [main] org.hibernate.Version HHH000412: Hibernate ORM core version 6.5.3.Final
[2024-11-10 16:28:02.266] [INFO ] [main] org.hibernate.cache.internal.RegionFactoryInitiator HHH000026: Second-level cache disabled
[2024-11-10 16:28:02.551] [INFO ] [main] org.springframework.orm.jpa.persistenceunit.SpringPersistenceUnitInfo No LoadTimeWeaver setup: ignoring JPA class transformer
[2024-11-10 16:28:02.587] [INFO ] [main] com.zaxxer.hikari.HikariDataSource HikariPool-1 - Starting...
[2024-11-10 16:28:02.627] [INFO ] [main] com.zaxxer.hikari.pool.HikariPool HikariPool-1 - Added connection org.mariadb.jdbc.MariaDbConnection@627bcd7e
[2024-11-10 16:28:02.628] [INFO ] [main] com.zaxxer.hikari.HikariDataSource HikariPool-1 - Start completed.
[2024-11-10 16:28:03.178] [INFO ] [main] org.hibernate.engine.transaction.jta.platform.internal.JtaPlatformInitiator HHH000489: No JTA platform available (set 'hibernate.transaction.jta.platform' to enable JTA platform integration)
[2024-11-10 16:28:03.637] [INFO ] [main] org.springframework.orm.jpa.LocalContainerEntityManagerFactoryBean Initialized JPA EntityManagerFactory for persistence unit 'default'
[2024-11-10 16:28:04.167] [INFO ] [main] org.springframework.data.jpa.repository.query.QueryEnhancerFactory Hibernate is in classpath; If applicable, HQL parser will be used.
[2024-11-10 16:28:04.918] [WARN ] [main] org.springframework.boot.autoconfigure.orm.jpa.JpaBaseConfiguration$JpaWebConfiguration spring.jpa.open-in-view is enabled by default. Therefore, database queries may be performed during view rendering. Explicitly configure spring.jpa.open-in-view to disable this warning
[2024-11-10 16:28:06.237] [INFO ] [main] com.springboot.relationship.data.repository.ProviderRepositoryTest Started ProviderRepositoryTest in 5.305 seconds (process running for 5.95)
[2024-11-10 16:28:06.734] [INFO ] [SpringApplicationShutdownHook] org.springframework.orm.jpa.LocalContainerEntityManagerFactoryBean Closing JPA EntityManagerFactory for persistence unit 'default'
[2024-11-10 16:28:06.737] [INFO ] [SpringApplicationShutdownHook] com.zaxxer.hikari.HikariDataSource HikariPool-1 - Shutdown initiated...
[2024-11-10 16:28:06.747] [INFO ] [SpringApplicationShutdownHook] com.zaxxer.hikari.HikariDataSource HikariPool-1 - Shutdown completed.
[2024-11-10 16:34:16.001] [INFO ] [main] com.springboot.relationship.data.repository.ProviderRepositoryTest Starting ProviderRepositoryTest using Java 17.0.9 with PID 28836 (started by jungw in D:\project\Spring Boot\springboot-main\chapter9_relationship)
[2024-11-10 16:34:16.001] [INFO ] [main] com.springboot.relationship.data.repository.ProviderRepositoryTest No active profile set, falling back to 1 default profile: "default"
[2024-11-10 16:34:16.501] [INFO ] [main] org.springframework.data.repository.config.RepositoryConfigurationDelegate Bootstrapping Spring Data JPA repositories in DEFAULT mode.
[2024-11-10 16:34:16.559] [INFO ] [main] org.springframework.data.repository.config.RepositoryConfigurationDelegate Finished Spring Data repository scanning in 53 ms. Found 7 JPA repository interfaces.
[2024-11-10 16:34:17.061] [INFO ] [main] org.hibernate.jpa.internal.util.LogHelper HHH000204: Processing PersistenceUnitInfo [name: default]
[2024-11-10 16:34:17.129] [INFO ] [main] org.hibernate.Version HHH000412: Hibernate ORM core version 6.5.3.Final
[2024-11-10 16:34:17.156] [INFO ] [main] org.hibernate.cache.internal.RegionFactoryInitiator HHH000026: Second-level cache disabled
[2024-11-10 16:34:17.453] [INFO ] [main] org.springframework.orm.jpa.persistenceunit.SpringPersistenceUnitInfo No LoadTimeWeaver setup: ignoring JPA class transformer
[2024-11-10 16:34:17.490] [INFO ] [main] com.zaxxer.hikari.HikariDataSource HikariPool-1 - Starting...
[2024-11-10 16:34:17.530] [INFO ] [main] com.zaxxer.hikari.pool.HikariPool HikariPool-1 - Added connection org.mariadb.jdbc.MariaDbConnection@e72fb04
[2024-11-10 16:34:17.531] [INFO ] [main] com.zaxxer.hikari.HikariDataSource HikariPool-1 - Start completed.
[2024-11-10 16:34:18.098] [INFO ] [main] org.hibernate.engine.transaction.jta.platform.internal.JtaPlatformInitiator HHH000489: No JTA platform available (set 'hibernate.transaction.jta.platform' to enable JTA platform integration)
[2024-11-10 16:34:18.542] [INFO ] [main] org.springframework.orm.jpa.LocalContainerEntityManagerFactoryBean Initialized JPA EntityManagerFactory for persistence unit 'default'
[2024-11-10 16:34:18.971] [INFO ] [main] org.springframework.data.jpa.repository.query.QueryEnhancerFactory Hibernate is in classpath; If applicable, HQL parser will be used.
[2024-11-10 16:34:19.902] [WARN ] [main] org.springframework.boot.autoconfigure.orm.jpa.JpaBaseConfiguration$JpaWebConfiguration spring.jpa.open-in-view is enabled by default. Therefore, database queries may be performed during view rendering. Explicitly configure spring.jpa.open-in-view to disable this warning
[2024-11-10 16:34:21.181] [INFO ] [main] com.springboot.relationship.data.repository.ProviderRepositoryTest Started ProviderRepositoryTest in 5.389 seconds (process running for 6.018)
[2024-11-10 16:34:21.654] [INFO ] [SpringApplicationShutdownHook] org.springframework.orm.jpa.LocalContainerEntityManagerFactoryBean Closing JPA EntityManagerFactory for persistence unit 'default'
[2024-11-10 16:34:21.657] [INFO ] [SpringApplicationShutdownHook] com.zaxxer.hikari.HikariDataSource HikariPool-1 - Shutdown initiated...
[2024-11-10 16:34:21.668] [INFO ] [SpringApplicationShutdownHook] com.zaxxer.hikari.HikariDataSource HikariPool-1 - Shutdown completed.
[2024-11-10 16:39:24.228] [INFO ] [main] com.springboot.relationship.data.repository.ProductRepositoryTest Starting ProductRepositoryTest using Java 17.0.9 with PID 20364 (started by jungw in D:\project\Spring Boot\springboot-main\chapter9_relationship)
[2024-11-10 16:39:24.229] [INFO ] [main] com.springboot.relationship.data.repository.ProductRepositoryTest No active profile set, falling back to 1 default profile: "default"
[2024-11-10 16:39:24.740] [INFO ] [main] org.springframework.data.repository.config.RepositoryConfigurationDelegate Bootstrapping Spring Data JPA repositories in DEFAULT mode.
[2024-11-10 16:39:24.795] [INFO ] [main] org.springframework.data.repository.config.RepositoryConfigurationDelegate Finished Spring Data repository scanning in 50 ms. Found 7 JPA repository interfaces.
[2024-11-10 16:39:25.256] [INFO ] [main] org.hibernate.jpa.internal.util.LogHelper HHH000204: Processing PersistenceUnitInfo [name: default]
[2024-11-10 16:39:25.341] [INFO ] [main] org.hibernate.Version HHH000412: Hibernate ORM core version 6.5.3.Final
[2024-11-10 16:39:25.368] [INFO ] [main] org.hibernate.cache.internal.RegionFactoryInitiator HHH000026: Second-level cache disabled
[2024-11-10 16:39:25.662] [INFO ] [main] org.springframework.orm.jpa.persistenceunit.SpringPersistenceUnitInfo No LoadTimeWeaver setup: ignoring JPA class transformer
[2024-11-10 16:39:25.701] [INFO ] [main] com.zaxxer.hikari.HikariDataSource HikariPool-1 - Starting...
[2024-11-10 16:39:25.754] [INFO ] [main] com.zaxxer.hikari.pool.HikariPool HikariPool-1 - Added connection org.mariadb.jdbc.MariaDbConnection@4e2109fe
[2024-11-10 16:39:25.755] [INFO ] [main] com.zaxxer.hikari.HikariDataSource HikariPool-1 - Start completed.
[2024-11-10 16:39:26.320] [INFO ] [main] org.hibernate.engine.transaction.jta.platform.internal.JtaPlatformInitiator HHH000489: No JTA platform available (set 'hibernate.transaction.jta.platform' to enable JTA platform integration)
[2024-11-10 16:39:26.773] [INFO ] [main] org.springframework.orm.jpa.LocalContainerEntityManagerFactoryBean Initialized JPA EntityManagerFactory for persistence unit 'default'
[2024-11-10 16:39:27.233] [INFO ] [main] org.springframework.data.jpa.repository.query.QueryEnhancerFactory Hibernate is in classpath; If applicable, HQL parser will be used.
[2024-11-10 16:39:28.019] [WARN ] [main] org.springframework.boot.autoconfigure.orm.jpa.JpaBaseConfiguration$JpaWebConfiguration spring.jpa.open-in-view is enabled by default. Therefore, database queries may be performed during view rendering. Explicitly configure spring.jpa.open-in-view to disable this warning
[2024-11-10 16:39:29.304] [INFO ] [main] com.springboot.relationship.data.repository.ProductRepositoryTest Started ProductRepositoryTest in 5.296 seconds (process running for 5.944)
[2024-11-10 16:39:29.770] [INFO ] [SpringApplicationShutdownHook] org.springframework.orm.jpa.LocalContainerEntityManagerFactoryBean Closing JPA EntityManagerFactory for persistence unit 'default'
[2024-11-10 16:39:29.771] [INFO ] [SpringApplicationShutdownHook] com.zaxxer.hikari.HikariDataSource HikariPool-1 - Shutdown initiated...
[2024-11-10 16:39:29.781] [INFO ] [SpringApplicationShutdownHook] com.zaxxer.hikari.HikariDataSource HikariPool-1 - Shutdown completed.
